2025-03-28 15:09:56.489818 - Received CBT.V508.FILE070.PDS from FILE070.XMI 
2025-03-28 15:09:56.491549 - Found $$$#DATE.txt (text/plain) in CBT.V508.FILE070.PDS, moved to PDS/$$$#DATE
2025-03-28 15:09:56.492265 - Found $$$VTOC.txt (text/plain) in CBT.V508.FILE070.PDS, moved to PDS/$$$VTOC
2025-03-28 15:09:56.493793 - Found @FILE070.txt (text/plain) in CBT.V508.FILE070.PDS, moved to PDS/@FILE070
2025-03-28 15:09:56.495493 - Found A$$W001.txt (text/plain) in CBT.V508.FILE070.PDS, moved to PDS/A$$W001
2025-03-28 15:09:56.496599 - Found A$$W002.txt (text/plain) in CBT.V508.FILE070.PDS, moved to PDS/A$$W002
2025-03-28 15:09:56.497450 - Found A$$W003.txt (text/plain) in CBT.V508.FILE070.PDS, moved to PDS/A$$W003
2025-03-28 15:09:56.498326 - Found A$$W004.txt (text/plain) in CBT.V508.FILE070.PDS, moved to PDS/A$$W004
2025-03-28 15:09:56.499162 - Found A$$W005.txt (text/plain) in CBT.V508.FILE070.PDS, moved to PDS/A$$W005
2025-03-28 15:09:56.499752 - Found A$$W006.txt (text/plain) in CBT.V508.FILE070.PDS, moved to PDS/A$$W006
2025-03-28 15:09:56.500767 - Found A$$W007.txt (text/plain) in CBT.V508.FILE070.PDS, moved to PDS/A$$W007
2025-03-28 15:09:56.501427 - Found A$$W008.txt (text/plain) in CBT.V508.FILE070.PDS, moved to PDS/A$$W008
2025-03-28 15:09:56.502097 - Found A$$W009.txt (text/plain) in CBT.V508.FILE070.PDS, moved to PDS/A$$W009
2025-03-28 15:09:56.505281 - Found A$$W010.txt (text/plain) in CBT.V508.FILE070.PDS, moved to PDS/A$$W010
2025-03-28 15:09:56.507286 - Found A$$W011.txt (text/plain) in CBT.V508.FILE070.PDS, moved to PDS/A$$W011
2025-03-28 15:09:56.509312 - Found A$$W012.txt (text/plain) in CBT.V508.FILE070.PDS, moved to PDS/A$$W012
2025-03-28 15:09:56.509981 - Found A$$W013.txt (text/plain) in CBT.V508.FILE070.PDS, moved to PDS/A$$W013
2025-03-28 15:09:56.510515 - Found A$$W014.txt (text/plain) in CBT.V508.FILE070.PDS, moved to PDS/A$$W014
2025-03-28 15:09:56.511048 - Found A$$W015.txt (text/plain) in CBT.V508.FILE070.PDS, moved to PDS/A$$W015
2025-03-28 15:09:56.511533 - Found A$$W016.txt (text/plain) in CBT.V508.FILE070.PDS, moved to PDS/A$$W016
2025-03-28 15:09:56.512794 - Found A$$W017.txt (text/plain) in CBT.V508.FILE070.PDS, moved to PDS/A$$W017
2025-03-28 15:09:56.514314 - Found A$$W018.txt (text/plain) in CBT.V508.FILE070.PDS, moved to PDS/A$$W018
2025-03-28 15:09:56.515862 - Found A$$W019.txt (text/plain) in CBT.V508.FILE070.PDS, moved to PDS/A$$W019
2025-03-28 15:09:56.517675 - Found A$$W020.txt (text/plain) in CBT.V508.FILE070.PDS, moved to PDS/A$$W020
2025-03-28 15:09:56.519629 - Found AAEW001.txt (text/plain) in CBT.V508.FILE070.PDS, moved to PDS/AAEW001
2025-03-28 15:09:56.520613 - Found AAEW002.txt (text/plain) in CBT.V508.FILE070.PDS, moved to PDS/AAEW002
2025-03-28 15:09:56.521431 - Found AAEW003.txt (text/plain) in CBT.V508.FILE070.PDS, moved to PDS/AAEW003
2025-03-28 15:09:56.521994 - Found ABBW001.txt (text/plain) in CBT.V508.FILE070.PDS, moved to PDS/ABBW001
2025-03-28 15:09:56.523558 - Found ABBW002.txt (text/plain) in CBT.V508.FILE070.PDS, moved to PDS/ABBW002
2025-03-28 15:09:56.526183 - Found ABBW003.txt (text/plain) in CBT.V508.FILE070.PDS, moved to PDS/ABBW003
2025-03-28 15:09:56.526913 - Found ABBW010.txt (text/plain) in CBT.V508.FILE070.PDS, moved to PDS/ABBW010
2025-03-28 15:09:56.527617 - Found ABBW011.txt (text/plain) in CBT.V508.FILE070.PDS, moved to PDS/ABBW011
2025-03-28 15:09:56.528248 - Found ABBW012.txt (text/plain) in CBT.V508.FILE070.PDS, moved to PDS/ABBW012
2025-03-28 15:09:56.528853 - Found ABBW013.txt (text/plain) in CBT.V508.FILE070.PDS, moved to PDS/ABBW013
2025-03-28 15:09:56.530476 - Found ABBW014.txt (text/plain) in CBT.V508.FILE070.PDS, moved to PDS/ABBW014
2025-03-28 15:09:56.532037 - Found ABBW015.txt (text/plain) in CBT.V508.FILE070.PDS, moved to PDS/ABBW015
2025-03-28 15:09:56.533197 - Found ABBW016.txt (text/plain) in CBT.V508.FILE070.PDS, moved to PDS/ABBW016
2025-03-28 15:09:56.535656 - Found ABBW019.txt (text/plain) in CBT.V508.FILE070.PDS, moved to PDS/ABBW019
2025-03-28 15:09:56.537359 - Found ABBW020.txt (text/plain) in CBT.V508.FILE070.PDS, moved to PDS/ABBW020
2025-03-28 15:09:56.538273 - Found ABBW025.txt (text/plain) in CBT.V508.FILE070.PDS, moved to PDS/ABBW025
2025-03-28 15:09:56.539096 - Found ABBW026.txt (text/plain) in CBT.V508.FILE070.PDS, moved to PDS/ABBW026
2025-03-28 15:09:56.540384 - Found ABBW028.txt (text/plain) in CBT.V508.FILE070.PDS, moved to PDS/ABBW028
2025-03-28 15:09:56.541522 - Found ABBW031.txt (text/plain) in CBT.V508.FILE070.PDS, moved to PDS/ABBW031
2025-03-28 15:09:56.542728 - Found ABBW032.txt (text/plain) in CBT.V508.FILE070.PDS, moved to PDS/ABBW032
2025-03-28 15:09:56.544320 - Found ABBW042.txt (text/plain) in CBT.V508.FILE070.PDS, moved to PDS/ABBW042
2025-03-28 15:09:56.546009 - Found ABBW043.txt (text/plain) in CBT.V508.FILE070.PDS, moved to PDS/ABBW043
2025-03-28 15:09:56.547430 - Found ABBW049.txt (text/plain) in CBT.V508.FILE070.PDS, moved to PDS/ABBW049
2025-03-28 15:09:56.549154 - Found ABBW051.txt (text/plain) in CBT.V508.FILE070.PDS, moved to PDS/ABBW051
2025-03-28 15:09:56.550398 - Found ABBW052.txt (text/plain) in CBT.V508.FILE070.PDS, moved to PDS/ABBW052
2025-03-28 15:09:56.551399 - Found ABBW056.txt (text/plain) in CBT.V508.FILE070.PDS, moved to PDS/ABBW056
2025-03-28 15:09:56.553007 - Found ABBW058.txt (text/plain) in CBT.V508.FILE070.PDS, moved to PDS/ABBW058
2025-03-28 15:09:56.553963 - Found ABBW059.txt (text/plain) in CBT.V508.FILE070.PDS, moved to PDS/ABBW059
2025-03-28 15:09:56.555368 - Found ABBW060.txt (text/plain) in CBT.V508.FILE070.PDS, moved to PDS/ABBW060
2025-03-28 15:09:56.556330 - Found ABBW061.txt (text/plain) in CBT.V508.FILE070.PDS, moved to PDS/ABBW061
2025-03-28 15:09:56.557184 - Found ABBW062.txt (text/plain) in CBT.V508.FILE070.PDS, moved to PDS/ABBW062
2025-03-28 15:09:56.557960 - Found ABBW063.txt (text/plain) in CBT.V508.FILE070.PDS, moved to PDS/ABBW063
2025-03-28 15:09:56.559479 - Found ABBW064.txt (text/plain) in CBT.V508.FILE070.PDS, moved to PDS/ABBW064
2025-03-28 15:09:56.561413 - Found ABBW066.txt (text/plain) in CBT.V508.FILE070.PDS, moved to PDS/ABBW066
2025-03-28 15:09:56.563141 - Found ABBW069.txt (text/plain) in CBT.V508.FILE070.PDS, moved to PDS/ABBW069
2025-03-28 15:09:56.564832 - Found ACFW001.txt (text/plain) in CBT.V508.FILE070.PDS, moved to PDS/ACFW001
2025-03-28 15:09:56.567722 - Found ACFW002.txt (text/plain) in CBT.V508.FILE070.PDS, moved to PDS/ACFW002
2025-03-28 15:09:56.569374 - Found ACFW003.txt (text/plain) in CBT.V508.FILE070.PDS, moved to PDS/ACFW003
2025-03-28 15:09:56.571046 - Found ACFW005.txt (text/plain) in CBT.V508.FILE070.PDS, moved to PDS/ACFW005
2025-03-28 15:09:56.572248 - Found ACFW006.txt (text/plain) in CBT.V508.FILE070.PDS, moved to PDS/ACFW006
2025-03-28 15:09:56.573645 - Found ACFW007.txt (text/plain) in CBT.V508.FILE070.PDS, moved to PDS/ACFW007
2025-03-28 15:09:56.574528 - Found ACFW008.txt (text/plain) in CBT.V508.FILE070.PDS, moved to PDS/ACFW008
2025-03-28 15:09:56.575891 - Found ACFW009.txt (text/plain) in CBT.V508.FILE070.PDS, moved to PDS/ACFW009
2025-03-28 15:09:56.577020 - Found ACFW010.txt (text/plain) in CBT.V508.FILE070.PDS, moved to PDS/ACFW010
2025-03-28 15:09:56.578715 - Found ACFW012.txt (text/plain) in CBT.V508.FILE070.PDS, moved to PDS/ACFW012
2025-03-28 15:09:56.580390 - Found ACFW014.txt (text/plain) in CBT.V508.FILE070.PDS, moved to PDS/ACFW014
2025-03-28 15:09:56.582010 - Found ADPW002.txt (text/plain) in CBT.V508.FILE070.PDS, moved to PDS/ADPW002
2025-03-28 15:09:56.583475 - Found ADPW003.txt (text/plain) in CBT.V508.FILE070.PDS, moved to PDS/ADPW003
2025-03-28 15:09:56.585746 - Found ADPW004.txt (text/plain) in CBT.V508.FILE070.PDS, moved to PDS/ADPW004
2025-03-28 15:09:56.587247 - Found ADPW007.txt (text/plain) in CBT.V508.FILE070.PDS, moved to PDS/ADPW007
2025-03-28 15:09:56.588069 - Found ADPW008.txt (text/plain) in CBT.V508.FILE070.PDS, moved to PDS/ADPW008
2025-03-28 15:09:56.589753 - Found ADPW009.txt (text/plain) in CBT.V508.FILE070.PDS, moved to PDS/ADPW009
2025-03-28 15:09:56.590550 - Found ADVW001.txt (text/plain) in CBT.V508.FILE070.PDS, moved to PDS/ADVW001
2025-03-28 15:09:56.591894 - Found AHMW001.txt (text/plain) in CBT.V508.FILE070.PDS, moved to PDS/AHMW001
2025-03-28 15:09:56.593431 - Found AHMW002.txt (text/plain) in CBT.V508.FILE070.PDS, moved to PDS/AHMW002
2025-03-28 15:09:56.594253 - Found AHMW003.txt (text/plain) in CBT.V508.FILE070.PDS, moved to PDS/AHMW003
2025-03-28 15:09:56.595321 - Found AHMW005.txt (text/plain) in CBT.V508.FILE070.PDS, moved to PDS/AHMW005
2025-03-28 15:09:56.596180 - Found AIFW001.txt (text/plain) in CBT.V508.FILE070.PDS, moved to PDS/AIFW001
2025-03-28 15:09:56.597018 - Found AJSW002.txt (text/plain) in CBT.V508.FILE070.PDS, moved to PDS/AJSW002
2025-03-28 15:09:56.597700 - Found AJSW003.txt (text/plain) in CBT.V508.FILE070.PDS, moved to PDS/AJSW003
2025-03-28 15:09:56.598385 - Found AJSW004.txt (text/plain) in CBT.V508.FILE070.PDS, moved to PDS/AJSW004
2025-03-28 15:09:56.598835 - Found AJSW005.txt (text/plain) in CBT.V508.FILE070.PDS, moved to PDS/AJSW005
2025-03-28 15:09:56.599287 - Found AJSW006.txt (text/plain) in CBT.V508.FILE070.PDS, moved to PDS/AJSW006
2025-03-28 15:09:56.600363 - Found AJSW007.txt (text/plain) in CBT.V508.FILE070.PDS, moved to PDS/AJSW007
2025-03-28 15:09:56.601240 - Found AJSW008.txt (text/plain) in CBT.V508.FILE070.PDS, moved to PDS/AJSW008
2025-03-28 15:09:56.603064 - Found AJSW009.txt (text/plain) in CBT.V508.FILE070.PDS, moved to PDS/AJSW009
2025-03-28 15:09:56.603874 - Found AJSW011.txt (text/plain) in CBT.V508.FILE070.PDS, moved to PDS/AJSW011
2025-03-28 15:09:56.605045 - Found AJSW012.txt (text/plain) in CBT.V508.FILE070.PDS, moved to PDS/AJSW012
2025-03-28 15:09:56.620715 - Found AJSW013.txt (text/plain) in CBT.V508.FILE070.PDS, moved to PDS/AJSW013
2025-03-28 15:09:56.621402 - Found AJSW014.txt (text/plain) in CBT.V508.FILE070.PDS, moved to PDS/AJSW014
2025-03-28 15:09:56.622046 - Found AJSW016.txt (text/plain) in CBT.V508.FILE070.PDS, moved to PDS/AJSW016
2025-03-28 15:09:56.625920 - Found AJSW017.txt (text/plain) in CBT.V508.FILE070.PDS, moved to PDS/AJSW017
2025-03-28 15:09:56.627603 - Found AJSW018.txt (text/plain) in CBT.V508.FILE070.PDS, moved to PDS/AJSW018
2025-03-28 15:09:56.628941 - Found AJSW020.txt (text/plain) in CBT.V508.FILE070.PDS, moved to PDS/AJSW020
2025-03-28 15:09:56.630025 - Found AJSW021.txt (text/plain) in CBT.V508.FILE070.PDS, moved to PDS/AJSW021
2025-03-28 15:09:56.632021 - Found AJSW022.txt (text/plain) in CBT.V508.FILE070.PDS, moved to PDS/AJSW022
2025-03-28 15:09:56.632968 - Found AJSW023.txt (text/plain) in CBT.V508.FILE070.PDS, moved to PDS/AJSW023
2025-03-28 15:09:56.633589 - Found AJSW024.txt (text/plain) in CBT.V508.FILE070.PDS, moved to PDS/AJSW024
2025-03-28 15:09:56.634267 - Found AJSW025.txt (text/plain) in CBT.V508.FILE070.PDS, moved to PDS/AJSW025
2025-03-28 15:09:56.635213 - Found AJSW027.txt (text/plain) in CBT.V508.FILE070.PDS, moved to PDS/AJSW027
2025-03-28 15:09:56.636376 - Found AJSW028.txt (text/plain) in CBT.V508.FILE070.PDS, moved to PDS/AJSW028
2025-03-28 15:09:56.638651 - Found AJSW030.txt (text/plain) in CBT.V508.FILE070.PDS, moved to PDS/AJSW030
2025-03-28 15:09:56.639213 - Found AJSW031.txt (text/plain) in CBT.V508.FILE070.PDS, moved to PDS/AJSW031
2025-03-28 15:09:56.640119 - Found AJSW032.txt (text/plain) in CBT.V508.FILE070.PDS, moved to PDS/AJSW032
2025-03-28 15:09:56.640703 - Found AJSW035.txt (text/plain) in CBT.V508.FILE070.PDS, moved to PDS/AJSW035
2025-03-28 15:09:56.641519 - Found AJSW036.txt (text/plain) in CBT.V508.FILE070.PDS, moved to PDS/AJSW036
2025-03-28 15:09:56.642141 - Found AJSW037.txt (text/plain) in CBT.V508.FILE070.PDS, moved to PDS/AJSW037
2025-03-28 15:09:56.643590 - Found AJSW038.txt (text/plain) in CBT.V508.FILE070.PDS, moved to PDS/AJSW038
2025-03-28 15:09:56.645119 - Found AJSW039.txt (text/plain) in CBT.V508.FILE070.PDS, moved to PDS/AJSW039
2025-03-28 15:09:56.645676 - Found AJSW040.txt (text/plain) in CBT.V508.FILE070.PDS, moved to PDS/AJSW040
2025-03-28 15:09:56.647158 - Found AJSW042.txt (text/plain) in CBT.V508.FILE070.PDS, moved to PDS/AJSW042
2025-03-28 15:09:56.648094 - Found AJSW043.txt (text/plain) in CBT.V508.FILE070.PDS, moved to PDS/AJSW043
2025-03-28 15:09:56.648921 - Found AJSW045.txt (text/plain) in CBT.V508.FILE070.PDS, moved to PDS/AJSW045
2025-03-28 15:09:56.650274 - Found AJSW046.txt (text/plain) in CBT.V508.FILE070.PDS, moved to PDS/AJSW046
2025-03-28 15:09:56.651311 - Found AJSW048.txt (text/plain) in CBT.V508.FILE070.PDS, moved to PDS/AJSW048
2025-03-28 15:09:56.652868 - Found AJSW049.txt (text/plain) in CBT.V508.FILE070.PDS, moved to PDS/AJSW049
2025-03-28 15:09:56.654158 - Found AJSW051.txt (text/plain) in CBT.V508.FILE070.PDS, moved to PDS/AJSW051
2025-03-28 15:09:56.655238 - Found AJSW057.txt (text/plain) in CBT.V508.FILE070.PDS, moved to PDS/AJSW057
2025-03-28 15:09:56.656322 - Found AJSW208.txt (text/plain) in CBT.V508.FILE070.PDS, moved to PDS/AJSW208
2025-03-28 15:09:56.656848 - Found AVTW001.txt (text/plain) in CBT.V508.FILE070.PDS, moved to PDS/AVTW001
2025-03-28 15:09:56.661536 - Found AVTW003.txt (text/plain) in CBT.V508.FILE070.PDS, moved to PDS/AVTW003
